Using pre-set license
Built from '2020.3/staging' branch; Version is '2020.3.14f1 (d0d1bb862f9d) revision 13685179'; Using compiler version '192528614'; Build Type 'Release'
OS: 'Windows 10 Pro; OS build 19042.906; Version 2009; 64bit' Language: 'ja' Physical Memory: 32593 MB
BatchMode: 1, IsHumanControllingUs: 0, StartBugReporterOnCrash: 0, Is64bit: 1, IsPro: 0

 COMMAND LINE ARGUMENTS:
C:\Program Files\Unity\Hub\Editor\2020.3.14f1\Editor\Unity.exe
-adb2
-batchMode
-noUpm
-name
AssetImportWorker0
-projectPath
C:/Users/student20.VRIAKYOTO/Documents/GitHub/PBL_HiyariCAT_Proj
-logFile
Logs/AssetImportWorker0.log
-srvPort
58098
Successfully changed project path to: C:/Users/student20.VRIAKYOTO/Documents/GitHub/PBL_HiyariCAT_Proj
C:/Users/student20.VRIAKYOTO/Documents/GitHub/PBL_HiyariCAT_Proj
Using Asset Import Pipeline V2.
Refreshing native plugins compatible for Editor in 46.93 ms, found 5 plugins.
Preloading 1 native plugins for Editor in 0.83 ms.
Initialize engine version: 2020.3.14f1 (d0d1bb862f9d)
[Subsystems] Discovering subsystems at path C:/Program Files/Unity/Hub/Editor/2020.3.14f1/Editor/Data/Resources/UnitySubsystems
[Subsystems] Discovering subsystems at path C:/Users/student20.VRIAKYOTO/Documents/GitHub/PBL_HiyariCAT_Proj/Assets
GfxDevice: creating device client; threaded=0
Direct3D:
    Version:  Direct3D 11.0 [level 11.1]
    Renderer: NVIDIA GeForce RTX 2070 SUPER (ID=0x1e84)
    Vendor:   
    VRAM:     8011 MB
    Driver:   27.21.14.6137
Shader 'Oculus/OVRMRCameraFrameLit': fallback shader 'Alpha-Diffuse' not found
Initialize mono
Mono path[0] = 'C:/Program Files/Unity/Hub/Editor/2020.3.14f1/Editor/Data/Managed'
Mono path[1] = 'C:/Program Files/Unity/Hub/Editor/2020.3.14f1/Editor/Data/MonoBleedingEdge/lib/mono/unityjit'
Mono config path = 'C:/Program Files/Unity/Hub/Editor/2020.3.14f1/Editor/Data/MonoBleedingEdge/etc'
Using monoOptions --debugger-agent=transport=dt_socket,embedding=1,server=y,suspend=n,address=127.0.0.1:56220
Begin MonoManager ReloadAssembly
Registering precompiled unity dll's ...
Register platform support module: C:/Program Files/Unity/Hub/Editor/2020.3.14f1/Editor/Data/PlaybackEngines/WindowsStandaloneSupport/UnityEditor.WindowsStandalone.Extensions.dll
Register platform support module: C:/Program Files/Unity/Hub/Editor/2020.3.14f1/Editor/Data/PlaybackEngines/LuminSupport/UnityEditor.Lumin.Extensions.dll
Registered in 0.001636 seconds.
Native extension for Lumin target not found
Native extension for WindowsStandalone target not found
Refreshing native plugins compatible for Editor in 74.14 ms, found 5 plugins.
Preloading 1 native plugins for Editor in 0.07 ms.
Mono: successfully reloaded assembly
- Completed reload, in  1.845 seconds
Domain Reload Profiling:
	ReloadAssembly (1845ms)
		BeginReloadAssembly (45ms)
			ExecutionOrderSort (0ms)
			DisableScriptedObjects (0ms)
			BackupInstance (0ms)
			ReleaseScriptingObjects (0ms)
			CreateAndSetChildDomain (1ms)
		EndReloadAssembly (425ms)
			LoadAssemblies (44ms)
			RebuildTransferFunctionScriptingTraits (0ms)
			SetupTypeCache (136ms)
			ReleaseScriptCaches (0ms)
			RebuildScriptCaches (33ms)
			SetupLoadedEditorAssemblies (191ms)
				LogAssemblyErrors (0ms)
				InitializePlatformSupportModulesInManaged (4ms)
				SetLoadedEditorAssemblies (0ms)
				RefreshPlugins (74ms)
				BeforeProcessingInitializeOnLoad (13ms)
				ProcessInitializeOnLoadAttributes (73ms)
				ProcessInitializeOnLoadMethodAttributes (27ms)
				AfterProcessingInitializeOnLoad (0ms)
				EditorAssembliesLoaded (0ms)
			ExecutionOrderSort2 (0ms)
			AwakeInstancesAfterBackupRestoration (0ms)
Platform modules already initialized, skipping
Registering precompiled user dll's ...
Registered in 0.003459 seconds.
Begin MonoManager ReloadAssembly
Native extension for Lumin target not found
Native extension for WindowsStandalone target not found
Refreshing native plugins compatible for Editor in 0.55 ms, found 5 plugins.
Preloading 1 native plugins for Editor in 0.06 ms.
Mono: successfully reloaded assembly
- Completed reload, in  0.959 seconds
Domain Reload Profiling:
	ReloadAssembly (959ms)
		BeginReloadAssembly (126ms)
			ExecutionOrderSort (0ms)
			DisableScriptedObjects (4ms)
			BackupInstance (0ms)
			ReleaseScriptingObjects (0ms)
			CreateAndSetChildDomain (16ms)
		EndReloadAssembly (781ms)
			LoadAssemblies (75ms)
			RebuildTransferFunctionScriptingTraits (0ms)
			SetupTypeCache (252ms)
			ReleaseScriptCaches (0ms)
			RebuildScriptCaches (51ms)
			SetupLoadedEditorAssemblies (315ms)
				LogAssemblyErrors (0ms)
				InitializePlatformSupportModulesInManaged (6ms)
				SetLoadedEditorAssemblies (0ms)
				RefreshPlugins (1ms)
				BeforeProcessingInitializeOnLoad (91ms)
				ProcessInitializeOnLoadAttributes (209ms)
				ProcessInitializeOnLoadMethodAttributes (4ms)
				AfterProcessingInitializeOnLoad (4ms)
				EditorAssembliesLoaded (0ms)
			ExecutionOrderSort2 (0ms)
			AwakeInstancesAfterBackupRestoration (6ms)
Platform modules already initialized, skipping
========================================================================
Worker process is ready to serve import requests
Shader 'Oculus/OVRMRCameraFrameLit': fallback shader 'Alpha-Diffuse' not found
Launched and connected shader compiler UnityShaderCompiler.exe after 0.04 seconds
Refreshing native plugins compatible for Editor in 0.90 ms, found 5 plugins.
Preloading 1 native plugins for Editor in 0.12 ms.
Unloading 1934 Unused Serialized files (Serialized files now loaded: 0)
System memory in use before: 96.4 MB.
System memory in use after: 96.7 MB.

Unloading 42 unused Assets to reduce memory usage. Loaded Objects now: 2349.
Total: 2.664700 ms (FindLiveObjects: 0.421300 ms CreateObjectMapping: 0.120600 ms MarkObjects: 2.024800 ms  DeleteObjects: 0.096100 ms)

AssetImportParameters requested are different than current active one (requested -> active):
  custom:framework-win-MediaFoundation: 216162199b28c13a410421893ffa2e32 -> 
  custom:video-decoder-ogg-theora: a1e56fd34408186e4bbccfd4996cb3dc -> 
  custom:container-muxer-webm: aa71ff27fc2769a1b78a27578f13a17b -> 
  custom:container-demuxer-webm: 4f35f7cbe854078d1ac9338744f61a02 -> 
  custom:container-demuxer-ogg: 62fdf1f143b41e24485cea50d1cbac27 -> 
  custom:video-encoder-webm-vp8: eb34c28f22e8b96e1ab97ce403110664 -> 
  custom:video-codec-MediaFoundation-h265: 746d11721c4dcdbdad8f713fa42b33f4 -> 
  custom:video-decoder-webm-vp8: 9c59270c3fd7afecdb556c50c9e8de78 -> 
  custom:audio-decoder-ogg-vorbis: bf7c407c2cedff20999df2af8eb42d56 -> 
  custom:audio-encoder-webm-vorbis: bf7c407c2cedff20999df2af8eb42d56 -> 
========================================================================
Received Import Request.
  path: Assets/Scenes/Stage1.unity
  artifactKey: Guid(d1369e06832294a4caa8b03dfc4dadf6) Importer(815301076,1909f56bfc062723c751e8b465ee728b)
Start importing Assets/Scenes/Stage1.unity using Guid(d1369e06832294a4caa8b03dfc4dadf6) Importer(815301076,1909f56bfc062723c751e8b465ee728b)  -> (artifact id: '2096507c65d1faef9948677fb1da2353') in 0.016310 seconds 
  Import took 0.019225 seconds .

========================================================================
Received Import Request.
  Time since last request: 579.853875 seconds.
  path: Assets/Materials/Sample4.mat
  artifactKey: Guid(393a8edfc9ef38b438de9ffa495fbb9b) Importer(815301076,1909f56bfc062723c751e8b465ee728b)
Start importing Assets/Materials/Sample4.mat using Guid(393a8edfc9ef38b438de9ffa495fbb9b) Importer(815301076,1909f56bfc062723c751e8b465ee728b)  -> (artifact id: '6c4a6c4ca3411c8f639f6cf52b6ebba7') in 0.086030 seconds 
  Import took 0.089132 seconds .

========================================================================
Received Import Request.
  Time since last request: 0.000287 seconds.
  path: Assets/Materials/Sample6.mat
  artifactKey: Guid(1a3b81812cafe744abc9b4eba088055d) Importer(815301076,1909f56bfc062723c751e8b465ee728b)
Start importing Assets/Materials/Sample6.mat using Guid(1a3b81812cafe744abc9b4eba088055d) Importer(815301076,1909f56bfc062723c751e8b465ee728b)  -> (artifact id: '7b014d25d456922d807ff844975b2690') in 0.014593 seconds 
  Import took 0.017112 seconds .

========================================================================
Received Import Request.
  Time since last request: 0.000241 seconds.
  path: Assets/Materials/Sample8.mat
  artifactKey: Guid(4ed0cc33d14fd6145b41caddc6586e26) Importer(815301076,1909f56bfc062723c751e8b465ee728b)
Start importing Assets/Materials/Sample8.mat using Guid(4ed0cc33d14fd6145b41caddc6586e26) Importer(815301076,1909f56bfc062723c751e8b465ee728b)  -> (artifact id: 'f2a859282dd563c794481be57e7cf2f8') in 0.017486 seconds 
  Import took 0.020706 seconds .

========================================================================
Received Import Request.
  Time since last request: 0.977082 seconds.
  path: Assets/Oculus/OculusProjectConfig.asset
  artifactKey: Guid(5486b05a7ae730c449fa64e2fd03ebb9) Importer(815301076,1909f56bfc062723c751e8b465ee728b)
Start importing Assets/Oculus/OculusProjectConfig.asset using Guid(5486b05a7ae730c449fa64e2fd03ebb9) Importer(815301076,1909f56bfc062723c751e8b465ee728b)  -> (artifact id: '3eef8f2a3b4cecc21f5e50e28f4e8209') in 0.007604 seconds 
  Import took 0.010516 seconds .

========================================================================
Received Import Request.
  Time since last request: 9.970780 seconds.
  path: Assets/Michiaki
  artifactKey: Guid(802d803bff77b9d4d97a49fa636db277) Importer(815301076,1909f56bfc062723c751e8b465ee728b)
Start importing Assets/Michiaki using Guid(802d803bff77b9d4d97a49fa636db277) Importer(815301076,1909f56bfc062723c751e8b465ee728b)  -> (artifact id: 'dfa087797371d87556c304c6509ab9f8') in 0.005480 seconds 
  Import took 0.008301 seconds .

========================================================================
Received Import Request.
  Time since last request: 3.775987 seconds.
  path: Assets/MichiakiNgai
  artifactKey: Guid(802d803bff77b9d4d97a49fa636db277) Importer(815301076,1909f56bfc062723c751e8b465ee728b)
Start importing Assets/MichiakiNgai using Guid(802d803bff77b9d4d97a49fa636db277) Importer(815301076,1909f56bfc062723c751e8b465ee728b)  -> (artifact id: '9bdb0e1305ba56f5d364047b62b94918') in 0.005976 seconds 
  Import took 0.009951 seconds .

========================================================================
Received Import Request.
  Time since last request: 6.143338 seconds.
  path: Assets/Prefabs/Bag001.prefab
  artifactKey: Guid(dfe8dfc0354cf59428423e3f0b75633e) Importer(815301076,1909f56bfc062723c751e8b465ee728b)
Start importing Assets/Prefabs/Bag001.prefab using Guid(dfe8dfc0354cf59428423e3f0b75633e) Importer(815301076,1909f56bfc062723c751e8b465ee728b)  -> (artifact id: 'ea7e5afbf5b4f3d4486d81aba901e603') in 0.091997 seconds 
  Import took 0.094829 seconds .

========================================================================
Received Import Request.
  Time since last request: 0.000332 seconds.
  path: Assets/Prefabs/LightStand001.prefab
  artifactKey: Guid(72aca9dd394770b43a438104a92ac5b2) Importer(815301076,1909f56bfc062723c751e8b465ee728b)
Start importing Assets/Prefabs/LightStand001.prefab using Guid(72aca9dd394770b43a438104a92ac5b2) Importer(815301076,1909f56bfc062723c751e8b465ee728b)  -> (artifact id: 'b68557bdc8d561c1eab9085ad6740cdc') in 0.015679 seconds 
  Import took 0.019223 seconds .

========================================================================
Received Import Request.
  Time since last request: 0.000292 seconds.
  path: Assets/Prefabs/office_knife.prefab
  artifactKey: Guid(171872adeb080c74e89e669a834a42a1) Importer(815301076,1909f56bfc062723c751e8b465ee728b)
Start importing Assets/Prefabs/office_knife.prefab using Guid(171872adeb080c74e89e669a834a42a1) Importer(815301076,1909f56bfc062723c751e8b465ee728b)  -> (artifact id: '486a7cf5653d3f8a33ce6c495d5c4d19') in 0.238041 seconds 
  Import took 0.241227 seconds .

========================================================================
Received Import Request.
  Time since last request: 0.000322 seconds.
  path: Assets/Prefabs/CupboardENT_parts001.prefab
  artifactKey: Guid(d1d00cbe07a1b3d498ca95cb4902f73a) Importer(815301076,1909f56bfc062723c751e8b465ee728b)
Start importing Assets/Prefabs/CupboardENT_parts001.prefab using Guid(d1d00cbe07a1b3d498ca95cb4902f73a) Importer(815301076,1909f56bfc062723c751e8b465ee728b)  -> (artifact id: 'ad3df7095f05ae96209c7a5f32f532cc') in 0.012920 seconds 
  Import took 0.015750 seconds .

========================================================================
Received Import Request.
  Time since last request: 0.000246 seconds.
  path: Assets/Prefabs/Scissors001.prefab
  artifactKey: Guid(7b2228d5bc7e670439f4d29d188c149f) Importer(815301076,1909f56bfc062723c751e8b465ee728b)
Start importing Assets/Prefabs/Scissors001.prefab using Guid(7b2228d5bc7e670439f4d29d188c149f) Importer(815301076,1909f56bfc062723c751e8b465ee728b)  -> (artifact id: '199dd7a1d74f9129318fa4d091f49e78') in 0.013077 seconds 
  Import took 0.016218 seconds .

========================================================================
Received Import Request.
  Time since last request: 0.000262 seconds.
  path: Assets/Prefabs/CeilingLights001.prefab
  artifactKey: Guid(ffc909b9b50140748b04ef9d7ef107d0) Importer(815301076,1909f56bfc062723c751e8b465ee728b)
Start importing Assets/Prefabs/CeilingLights001.prefab using Guid(ffc909b9b50140748b04ef9d7ef107d0) Importer(815301076,1909f56bfc062723c751e8b465ee728b)  -> (artifact id: '5a655d727c52bd2570278270a548cb14') in 0.012389 seconds 
  Import took 0.014856 seconds .

========================================================================
Received Import Request.
  Time since last request: 0.000262 seconds.
  path: Assets/Prefabs/Scissors001.prefab
  artifactKey: Guid(7b2228d5bc7e670439f4d29d188c149f) Importer(815301076,1909f56bfc062723c751e8b465ee728b)
Start importing Assets/Prefabs/Scissors001.prefab using Guid(7b2228d5bc7e670439f4d29d188c149f) Importer(815301076,1909f56bfc062723c751e8b465ee728b)  -> (artifact id: '199dd7a1d74f9129318fa4d091f49e78') in 0.007347 seconds 
  Import took 0.010423 seconds .

========================================================================
Received Import Request.
  Time since last request: 0.000280 seconds.
  path: Assets/Prefabs/Whiteboard.prefab
  artifactKey: Guid(2781fc09665f14642b02040a5c19c236) Importer(815301076,1909f56bfc062723c751e8b465ee728b)
Start importing Assets/Prefabs/Whiteboard.prefab using Guid(2781fc09665f14642b02040a5c19c236) Importer(815301076,1909f56bfc062723c751e8b465ee728b)  -> (artifact id: '12146f6c793576449a636bed794ff937') in 0.190817 seconds 
  Import took 0.193831 seconds .

========================================================================
Received Import Request.
  Time since last request: 2.160330 seconds.
  path: Assets/Resources/ONSPSettings.asset
  artifactKey: Guid(88f20175f3ff9a44494a70abb901f146) Importer(815301076,1909f56bfc062723c751e8b465ee728b)
Start importing Assets/Resources/ONSPSettings.asset using Guid(88f20175f3ff9a44494a70abb901f146) Importer(815301076,1909f56bfc062723c751e8b465ee728b)  -> (artifact id: '3f9ace2fc04bad07256c332a8a9a4a0f') in 0.006514 seconds 
  Import took 0.009086 seconds .

========================================================================
Received Import Request.
  Time since last request: 0.000200 seconds.
  path: Assets/Resources/OVRPlatformToolSettings.asset
  artifactKey: Guid(5181b7260806fd24d858591a65402686) Importer(815301076,1909f56bfc062723c751e8b465ee728b)
Start importing Assets/Resources/OVRPlatformToolSettings.asset using Guid(5181b7260806fd24d858591a65402686) Importer(815301076,1909f56bfc062723c751e8b465ee728b)  -> (artifact id: '4899d309e60271cfd788d8465ebd12a5') in 0.006635 seconds 
  Import took 0.009167 seconds .

========================================================================
Received Import Request.
  Time since last request: 25.677687 seconds.
  path: Assets/MichiakiNagai
  artifactKey: Guid(802d803bff77b9d4d97a49fa636db277) Importer(815301076,1909f56bfc062723c751e8b465ee728b)
Start importing Assets/MichiakiNagai using Guid(802d803bff77b9d4d97a49fa636db277) Importer(815301076,1909f56bfc062723c751e8b465ee728b)  -> (artifact id: '5332c86e5a96ad069f7a37728ed0c9cd') in 0.007907 seconds 
  Import took 0.011273 seconds .

========================================================================
Received Import Request.
  Time since last request: 51.092734 seconds.
  path: Assets/XR/XRGeneralSettings.asset
  artifactKey: Guid(72afbb00e9a8ed94ea8312b63b3dcea5) Importer(815301076,1909f56bfc062723c751e8b465ee728b)
Start importing Assets/XR/XRGeneralSettings.asset using Guid(72afbb00e9a8ed94ea8312b63b3dcea5) Importer(815301076,1909f56bfc062723c751e8b465ee728b)  -> (artifact id: 'f58bbbd88b3bb79bd29de2c61f983f55') in 0.006925 seconds 
  Import took 0.009575 seconds .

AssetImportWorkerClient::OnTransportError - code=2 error=End of file
