Using pre-set license
Built from '2020.3/staging' branch; Version is '2020.3.14f1 (d0d1bb862f9d) revision 13685179'; Using compiler version '192528614'; Build Type 'Release'
OS: 'Windows 10 Pro; OS build 19042.1110; Version 2009; 64bit' Language: 'ja' Physical Memory: 15981 MB
BatchMode: 1, IsHumanControllingUs: 0, StartBugReporterOnCrash: 0, Is64bit: 1, IsPro: 0

 COMMAND LINE ARGUMENTS:
C:\Program Files\Unity\Hub\Editor\2020.3.14f1\Editor\Unity.exe
-adb2
-batchMode
-noUpm
-name
AssetImportWorker0
-projectPath
C:/Users/Administrator/work/AR_VR/PBL_HiyariCAT_Proj
-logFile
Logs/AssetImportWorker0.log
-srvPort
51467
Successfully changed project path to: C:/Users/Administrator/work/AR_VR/PBL_HiyariCAT_Proj
C:/Users/Administrator/work/AR_VR/PBL_HiyariCAT_Proj
Using Asset Import Pipeline V2.
Refreshing native plugins compatible for Editor in 44.72 ms, found 5 plugins.
Preloading 1 native plugins for Editor in 5.49 ms.
Initialize engine version: 2020.3.14f1 (d0d1bb862f9d)
[Subsystems] Discovering subsystems at path C:/Program Files/Unity/Hub/Editor/2020.3.14f1/Editor/Data/Resources/UnitySubsystems
[Subsystems] Discovering subsystems at path C:/Users/Administrator/work/AR_VR/PBL_HiyariCAT_Proj/Assets
GfxDevice: creating device client; threaded=0
Direct3D:
    Version:  Direct3D 11.0 [level 11.1]
    Renderer: NVIDIA GeForce MX250 (ID=0x1c90)
    Vendor:   
    VRAM:     1983 MB
    Driver:   27.21.14.5266
Shader 'Oculus/OVRMRCameraFrameLit': fallback shader 'Alpha-Diffuse' not found
Initialize mono
Mono path[0] = 'C:/Program Files/Unity/Hub/Editor/2020.3.14f1/Editor/Data/Managed'
Mono path[1] = 'C:/Program Files/Unity/Hub/Editor/2020.3.14f1/Editor/Data/MonoBleedingEdge/lib/mono/unityjit'
Mono config path = 'C:/Program Files/Unity/Hub/Editor/2020.3.14f1/Editor/Data/MonoBleedingEdge/etc'
Using monoOptions --debugger-agent=transport=dt_socket,embedding=1,server=y,suspend=n,address=127.0.0.1:56292
Begin MonoManager ReloadAssembly
Registering precompiled unity dll's ...
Register platform support module: C:/Program Files/Unity/Hub/Editor/2020.3.14f1/Editor/Data/PlaybackEngines/WindowsStandaloneSupport/UnityEditor.WindowsStandalone.Extensions.dll
Registered in 0.001683 seconds.
Native extension for WindowsStandalone target not found
Refreshing native plugins compatible for Editor in 40.95 ms, found 5 plugins.
Preloading 1 native plugins for Editor in 0.07 ms.
Mono: successfully reloaded assembly
- Completed reload, in  1.625 seconds
Domain Reload Profiling:
	ReloadAssembly (1626ms)
		BeginReloadAssembly (43ms)
			ExecutionOrderSort (0ms)
			DisableScriptedObjects (0ms)
			BackupInstance (0ms)
			ReleaseScriptingObjects (0ms)
			CreateAndSetChildDomain (1ms)
		EndReloadAssembly (369ms)
			LoadAssemblies (41ms)
			RebuildTransferFunctionScriptingTraits (0ms)
			SetupTypeCache (136ms)
			ReleaseScriptCaches (0ms)
			RebuildScriptCaches (26ms)
			SetupLoadedEditorAssemblies (146ms)
				LogAssemblyErrors (0ms)
				InitializePlatformSupportModulesInManaged (3ms)
				SetLoadedEditorAssemblies (0ms)
				RefreshPlugins (41ms)
				BeforeProcessingInitializeOnLoad (11ms)
				ProcessInitializeOnLoadAttributes (65ms)
				ProcessInitializeOnLoadMethodAttributes (25ms)
				AfterProcessingInitializeOnLoad (0ms)
				EditorAssembliesLoaded (0ms)
			ExecutionOrderSort2 (0ms)
			AwakeInstancesAfterBackupRestoration (0ms)
Platform modules already initialized, skipping
Registering precompiled user dll's ...
Registered in 0.007080 seconds.
Begin MonoManager ReloadAssembly
Native extension for WindowsStandalone target not found
Refreshing native plugins compatible for Editor in 0.61 ms, found 5 plugins.
Preloading 1 native plugins for Editor in 0.07 ms.
Mono: successfully reloaded assembly
- Completed reload, in  0.954 seconds
Domain Reload Profiling:
	ReloadAssembly (955ms)
		BeginReloadAssembly (132ms)
			ExecutionOrderSort (0ms)
			DisableScriptedObjects (5ms)
			BackupInstance (0ms)
			ReleaseScriptingObjects (0ms)
			CreateAndSetChildDomain (18ms)
		EndReloadAssembly (765ms)
			LoadAssemblies (71ms)
			RebuildTransferFunctionScriptingTraits (0ms)
			SetupTypeCache (271ms)
			ReleaseScriptCaches (0ms)
			RebuildScriptCaches (45ms)
			SetupLoadedEditorAssemblies (284ms)
				LogAssemblyErrors (0ms)
				InitializePlatformSupportModulesInManaged (5ms)
				SetLoadedEditorAssemblies (0ms)
				RefreshPlugins (1ms)
				BeforeProcessingInitializeOnLoad (93ms)
				ProcessInitializeOnLoadAttributes (177ms)
				ProcessInitializeOnLoadMethodAttributes (4ms)
				AfterProcessingInitializeOnLoad (5ms)
				EditorAssembliesLoaded (0ms)
			ExecutionOrderSort2 (0ms)
			AwakeInstancesAfterBackupRestoration (5ms)
Platform modules already initialized, skipping
========================================================================
Worker process is ready to serve import requests
Shader 'Oculus/OVRMRCameraFrameLit': fallback shader 'Alpha-Diffuse' not found
Launched and connected shader compiler UnityShaderCompiler.exe after 0.03 seconds
Refreshing native plugins compatible for Editor in 0.52 ms, found 5 plugins.
Preloading 1 native plugins for Editor in 0.06 ms.
Unloading 1934 Unused Serialized files (Serialized files now loaded: 0)
System memory in use before: 96.3 MB.
System memory in use after: 96.6 MB.

Unloading 43 unused Assets to reduce memory usage. Loaded Objects now: 2348.
Total: 1.914200 ms (FindLiveObjects: 0.180000 ms CreateObjectMapping: 0.068200 ms MarkObjects: 1.587600 ms  DeleteObjects: 0.077200 ms)

AssetImportParameters requested are different than current active one (requested -> active):
  custom:framework-win-MediaFoundation: 216162199b28c13a410421893ffa2e32 -> 
  custom:video-decoder-ogg-theora: a1e56fd34408186e4bbccfd4996cb3dc -> 
  custom:container-muxer-webm: aa71ff27fc2769a1b78a27578f13a17b -> 
  custom:container-demuxer-webm: 4f35f7cbe854078d1ac9338744f61a02 -> 
  custom:container-demuxer-ogg: 62fdf1f143b41e24485cea50d1cbac27 -> 
  custom:video-encoder-webm-vp8: eb34c28f22e8b96e1ab97ce403110664 -> 
  custom:video-decoder-webm-vp8: 9c59270c3fd7afecdb556c50c9e8de78 -> 
  custom:audio-decoder-ogg-vorbis: bf7c407c2cedff20999df2af8eb42d56 -> 
  custom:audio-encoder-webm-vorbis: bf7c407c2cedff20999df2af8eb42d56 -> 
========================================================================
Received Import Request.
  path: Assets/Scenes
  artifactKey: Guid(7fcc6bf91d7ef5b44be59be6348142dd) Importer(815301076,1909f56bfc062723c751e8b465ee728b)
Start importing Assets/Scenes using Guid(7fcc6bf91d7ef5b44be59be6348142dd) Importer(815301076,1909f56bfc062723c751e8b465ee728b)  -> (artifact id: 'a3cd87f8acb872fea3df5e94df2fe05c') in 0.004484 seconds 
  Import took 0.006685 seconds .

========================================================================
Received Import Request.
  Time since last request: 0.000284 seconds.
  path: Assets/importAssets
  artifactKey: Guid(4d9c9615059158d4fb31726d0ac705a0) Importer(815301076,1909f56bfc062723c751e8b465ee728b)
Start importing Assets/importAssets using Guid(4d9c9615059158d4fb31726d0ac705a0) Importer(815301076,1909f56bfc062723c751e8b465ee728b)  -> (artifact id: '6aae61b5a4ac5df46d51194e0f180f0d') in 0.001904 seconds 
  Import took 0.004005 seconds .

========================================================================
Received Import Request.
  Time since last request: 136.937247 seconds.
  path: Assets/Scenes/SampleScene.unity
  artifactKey: Guid(9fc0d4010bbf28b4594072e72b8655ab) Importer(815301076,1909f56bfc062723c751e8b465ee728b)
Start importing Assets/Scenes/SampleScene.unity using Guid(9fc0d4010bbf28b4594072e72b8655ab) Importer(815301076,1909f56bfc062723c751e8b465ee728b)  -> (artifact id: '85059f4f9e1a832ed95adaa0d25c5c4c') in 0.008789 seconds 
  Import took 0.011665 seconds .

========================================================================
Received Import Request.
  Time since last request: 0.551800 seconds.
  path: Assets/Scenes/Stage0.unity
  artifactKey: Guid(163b487836e8a774894a9cfd79129f6a) Importer(815301076,1909f56bfc062723c751e8b465ee728b)
Start importing Assets/Scenes/Stage0.unity using Guid(163b487836e8a774894a9cfd79129f6a) Importer(815301076,1909f56bfc062723c751e8b465ee728b)  -> (artifact id: '0846cfc9a3d4236582956e15c0a9480d') in 0.002714 seconds 
  Import took 0.005606 seconds .

========================================================================
Received Import Request.
  Time since last request: 0.001246 seconds.
  path: Assets/Scenes/Stage0.unity
  artifactKey: Guid(163b487836e8a774894a9cfd79129f6a) Importer(815301076,1909f56bfc062723c751e8b465ee728b)
Start importing Assets/Scenes/Stage0.unity using Guid(163b487836e8a774894a9cfd79129f6a) Importer(815301076,1909f56bfc062723c751e8b465ee728b)  -> (artifact id: '0846cfc9a3d4236582956e15c0a9480d') in 0.002153 seconds 
  Import took 0.005246 seconds .

========================================================================
Received Import Request.
  Time since last request: 0.927569 seconds.
  path: Assets/Scenes/Stage1.unity
  artifactKey: Guid(d1369e06832294a4caa8b03dfc4dadf6) Importer(815301076,1909f56bfc062723c751e8b465ee728b)
Start importing Assets/Scenes/Stage1.unity using Guid(d1369e06832294a4caa8b03dfc4dadf6) Importer(815301076,1909f56bfc062723c751e8b465ee728b)  -> (artifact id: '31a894153d5ddcd6e1a75c48e1a4039b') in 0.002779 seconds 
  Import took 0.005451 seconds .

========================================================================
Received Import Request.
  Time since last request: 0.000795 seconds.
  path: Assets/Scenes/Stage1.unity
  artifactKey: Guid(d1369e06832294a4caa8b03dfc4dadf6) Importer(815301076,1909f56bfc062723c751e8b465ee728b)
Start importing Assets/Scenes/Stage1.unity using Guid(d1369e06832294a4caa8b03dfc4dadf6) Importer(815301076,1909f56bfc062723c751e8b465ee728b)  -> (artifact id: '31a894153d5ddcd6e1a75c48e1a4039b') in 0.001826 seconds 
  Import took 0.004655 seconds .

========================================================================
Received Import Request.
  Time since last request: 0.716607 seconds.
  path: Assets/Scenes/Stage2.unity
  artifactKey: Guid(9633a88ffd1fec64f89e7b8a7ba4ddf5) Importer(815301076,1909f56bfc062723c751e8b465ee728b)
Start importing Assets/Scenes/Stage2.unity using Guid(9633a88ffd1fec64f89e7b8a7ba4ddf5) Importer(815301076,1909f56bfc062723c751e8b465ee728b)  -> (artifact id: 'd1c40b3e46a076559a051561f7bf6fd3') in 0.002170 seconds 
  Import took 0.004629 seconds .

========================================================================
Received Import Request.
  Time since last request: 0.000734 seconds.
  path: Assets/Scenes/Stage2.unity
  artifactKey: Guid(9633a88ffd1fec64f89e7b8a7ba4ddf5) Importer(815301076,1909f56bfc062723c751e8b465ee728b)
Start importing Assets/Scenes/Stage2.unity using Guid(9633a88ffd1fec64f89e7b8a7ba4ddf5) Importer(815301076,1909f56bfc062723c751e8b465ee728b)  -> (artifact id: 'd1c40b3e46a076559a051561f7bf6fd3') in 0.002292 seconds 
  Import took 0.004942 seconds .

AssetImportWorkerClient::OnTransportError - code=2 error=End of file
